<?xml version="1.0" encoding="UTF-8"?>
<coverage generated="1668083043252" clover="3.2.0">
  <project timestamp="1668083043252" name="All files">
    <metrics statements="56" coveredstatements="19" conditionals="18" coveredconditionals="6" methods="15" coveredmethods="5" elements="89" coveredelements="30" complexity="0" loc="56" ncloc="56" packages="4" files="6" classes="6"/>
    <package name="weather_app">
      <metrics statements="2" coveredstatements="2" conditionals="0" coveredconditionals="0" methods="0" coveredmethods="0"/>
      <file name="env.js" path="C:\git_workspace\weather_app\env.js">
        <metrics statements="2" coveredstatements="2" conditionals="0" coveredconditionals="0" methods="0" coveredmethods="0"/>
        <line num="1" count="1" type="stmt"/>
        <line num="2" count="1" type="stmt"/>
      </file>
    </package>
    <package name="weather_app.src.components">
      <metrics statements="6" coveredstatements="5" conditionals="8" coveredconditionals="5" methods="3" coveredmethods="2"/>
      <file name="Navbar.js" path="C:\git_workspace\weather_app\src\components\Navbar.js">
        <metrics statements="6" coveredstatements="5" conditionals="8" coveredconditionals="5" methods="3" coveredmethods="2"/>
        <line num="7" count="3" type="stmt"/>
        <line num="8" count="3" type="stmt"/>
        <line num="30" count="0" type="stmt"/>
        <line num="40" count="6" type="stmt"/>
        <line num="41" count="6" type="stmt"/>
        <line num="43" count="6" type="stmt"/>
      </file>
    </package>
    <package name="weather_app.src.pages">
      <metrics statements="2" coveredstatements="2" conditionals="0" coveredconditionals="0" methods="2" coveredmethods="2"/>
      <file name="About.js" path="C:\git_workspace\weather_app\src\pages\About.js">
        <metrics statements="1" coveredstatements="1" conditionals="0" coveredconditionals="0" methods="1" coveredmethods="1"/>
        <line num="3" count="1" type="stmt"/>
      </file>
      <file name="Home.js" path="C:\git_workspace\weather_app\src\pages\Home.js">
        <metrics statements="1" coveredstatements="1" conditionals="0" coveredconditionals="0" methods="1" coveredmethods="1"/>
        <line num="4" count="1" type="stmt"/>
      </file>
    </package>
    <package name="weather_app.src.utils">
      <metrics statements="46" coveredstatements="10" conditionals="10" coveredconditionals="1" methods="10" coveredmethods="1"/>
      <file name="auth.js" path="C:\git_workspace\weather_app\src\utils\auth.js">
        <metrics statements="39" coveredstatements="3" conditionals="8" coveredconditionals="0" methods="9" coveredmethods="0"/>
        <line num="11" count="1" type="stmt"/>
        <line num="13" count="1" type="stmt"/>
        <line num="14" count="0" type="stmt"/>
        <line num="16" count="0" type="stmt"/>
        <line num="17" count="0" type="stmt"/>
        <line num="20" count="0" type="stmt"/>
        <line num="21" count="0" type="stmt"/>
        <line num="22" count="0" type="stmt"/>
        <line num="27" count="0" type="stmt"/>
        <line num="29" count="0" type="stmt"/>
        <line num="30" count="0" type="stmt"/>
        <line num="34" count="0" type="stmt"/>
        <line num="35" count="0" type="stmt"/>
        <line num="36" count="0" type="stmt"/>
        <line num="41" count="0" type="stmt"/>
        <line num="43" count="0" type="stmt"/>
        <line num="44" count="0" type="stmt"/>
        <line num="48" count="0" type="stmt"/>
        <line num="49" count="0" type="stmt"/>
        <line num="50" count="0" type="stmt"/>
        <line num="53" count="0" type="stmt"/>
        <line num="60" count="1" type="stmt"/>
        <line num="61" count="0" type="stmt"/>
        <line num="65" count="0" type="stmt"/>
        <line num="66" count="0" type="cond" truecount="0" falsecount="2"/>
        <line num="67" count="0" type="stmt"/>
        <line num="70" count="0" type="stmt"/>
        <line num="71" count="0" type="stmt"/>
        <line num="72" count="0" type="cond" truecount="0" falsecount="2"/>
        <line num="74" count="0" type="stmt"/>
        <line num="75" count="0" type="stmt"/>
        <line num="79" count="0" type="stmt"/>
        <line num="80" count="0" type="stmt"/>
        <line num="82" count="0" type="cond" truecount="0" falsecount="2"/>
        <line num="83" count="0" type="stmt"/>
        <line num="84" count="0" type="cond" truecount="0" falsecount="2"/>
        <line num="85" count="0" type="stmt"/>
        <line num="88" count="0" type="stmt"/>
        <line num="92" count="0" type="stmt"/>
      </file>
      <file name="firebase-config.js" path="C:\git_workspace\weather_app\src\utils\firebase-config.js">
        <metrics statements="7" coveredstatements="7" conditionals="2" coveredconditionals="1" methods="1" coveredmethods="1"/>
        <line num="8" count="1" type="stmt"/>
        <line num="19" count="1" type="stmt"/>
        <line num="21" count="1" type="stmt"/>
        <line num="24" count="1" type="cond" truecount="1" falsecount="1"/>
        <line num="25" count="1" type="stmt"/>
        <line num="29" count="1" type="stmt"/>
        <line num="30" count="1" type="stmt"/>
      </file>
    </package>
  </project>
</coverage>
