{"C:\\git_workspace\\weather_app\\env.js": {"path":"C:\\git_workspace\\weather_app\\env.js","statementMap":{"0":{"start":{"line":1,"column":22},"end":{"line":1,"column":63}},"1":{"start":{"line":2,"column":29},"end":{"line":2,"column":63}}},"fnMap":{},"branchMap":{},"s":{"0":4,"1":4},"f":{},"b":{},"_coverageSchema":"1a1c01bbd47fc00a2c39e90264f33305004495a9","hash":"820f249afde115ab5cbdc382f6ca57320f3a1e53"}
,"C:\\git_workspace\\weather_app\\src\\components\\Navbar.js": {"path":"C:\\git_workspace\\weather_app\\src\\components\\Navbar.js","statementMap":{"0":{"start":{"line":7,"column":20},"end":{"line":7,"column":43}},"1":{"start":{"line":8,"column":4},"end":{"line":36,"column":5}},"2":{"start":{"line":30,"column":62},"end":{"line":30,"column":78}},"3":{"start":{"line":40,"column":25},"end":{"line":40,"column":44}},"4":{"start":{"line":41,"column":21},"end":{"line":41,"column":73}},"5":{"start":{"line":43,"column":4},"end":{"line":49,"column":5}}},"fnMap":{"0":{"name":"Navbar","decl":{"start":{"line":6,"column":24},"end":{"line":6,"column":30}},"loc":{"start":{"line":6,"column":33},"end":{"line":37,"column":1}},"line":6},"1":{"name":"(anonymous_1)","decl":{"start":{"line":30,"column":54},"end":{"line":30,"column":55}},"loc":{"start":{"line":30,"column":60},"end":{"line":30,"column":80}},"line":30},"2":{"name":"CustomLink","decl":{"start":{"line":39,"column":9},"end":{"line":39,"column":19}},"loc":{"start":{"line":39,"column":48},"end":{"line":50,"column":1}},"line":39}},"branchMap":{"0":{"loc":{"start":{"line":16,"column":20},"end":{"line":19,"column":21}},"type":"binary-expr","locations":[{"start":{"line":16,"column":20},"end":{"line":16,"column":34}},{"start":{"line":18,"column":24},"end":{"line":18,"column":78}}],"line":16},"1":{"loc":{"start":{"line":22,"column":20},"end":{"line":25,"column":21}},"type":"binary-expr","locations":[{"start":{"line":22,"column":20},"end":{"line":22,"column":33}},{"start":{"line":24,"column":25},"end":{"line":24,"column":84}}],"line":22},"2":{"loc":{"start":{"line":28,"column":20},"end":{"line":31,"column":21}},"type":"binary-expr","locations":[{"start":{"line":28,"column":20},"end":{"line":28,"column":33}},{"start":{"line":30,"column":24},"end":{"line":30,"column":100}}],"line":28},"3":{"loc":{"start":{"line":44,"column":23},"end":{"line":44,"column":47}},"type":"cond-expr","locations":[{"start":{"line":44,"column":34},"end":{"line":44,"column":42}},{"start":{"line":44,"column":45},"end":{"line":44,"column":47}}],"line":44}},"s":{"0":5,"1":5,"2":1,"3":18,"4":18,"5":18},"f":{"0":5,"1":1,"2":18},"b":{"0":[5,3],"1":[5,2],"2":[5,2],"3":[2,16]},"_coverageSchema":"1a1c01bbd47fc00a2c39e90264f33305004495a9","hash":"9f185d4ed09485d4ee4c6f1fc9b40c80fb65377d"}
,"C:\\git_workspace\\weather_app\\src\\pages\\About.js": {"path":"C:\\git_workspace\\weather_app\\src\\pages\\About.js","statementMap":{"0":{"start":{"line":3,"column":4},"end":{"line":10,"column":5}}},"fnMap":{"0":{"name":"About","decl":{"start":{"line":1,"column":24},"end":{"line":1,"column":29}},"loc":{"start":{"line":1,"column":32},"end":{"line":11,"column":1}},"line":1}},"branchMap":{},"s":{"0":1},"f":{"0":1},"b":{},"_coverageSchema":"1a1c01bbd47fc00a2c39e90264f33305004495a9","hash":"77c62dbc0d6d04b43d61ae7d6081e034f8bd0f7a"}
,"C:\\git_workspace\\weather_app\\src\\pages\\Cities.js": {"path":"C:\\git_workspace\\weather_app\\src\\pages\\Cities.js","statementMap":{"0":{"start":{"line":10,"column":20},"end":{"line":23,"column":1}},"1":{"start":{"line":11,"column":21},"end":{"line":17,"column":5}},"2":{"start":{"line":18,"column":4},"end":{"line":21,"column":5}},"3":{"start":{"line":19,"column":8},"end":{"line":19,"column":132}},"4":{"start":{"line":20,"column":8},"end":{"line":20,"column":46}},"5":{"start":{"line":22,"column":4},"end":{"line":22,"column":27}},"6":{"start":{"line":25,"column":26},"end":{"line":31,"column":1}},"7":{"start":{"line":26,"column":19},"end":{"line":26,"column":47}},"8":{"start":{"line":27,"column":4},"end":{"line":29,"column":5}},"9":{"start":{"line":27,"column":17},"end":{"line":27,"column":18}},"10":{"start":{"line":28,"column":8},"end":{"line":28,"column":85}},"11":{"start":{"line":30,"column":4},"end":{"line":30,"column":30}},"12":{"start":{"line":34,"column":32},"end":{"line":34,"column":44}},"13":{"start":{"line":35,"column":20},"end":{"line":35,"column":43}},"14":{"start":{"line":36,"column":30},"end":{"line":36,"column":42}},"15":{"start":{"line":37,"column":21},"end":{"line":37,"column":83}},"16":{"start":{"line":37,"column":56},"end":{"line":37,"column":82}},"17":{"start":{"line":39,"column":20},"end":{"line":61,"column":5}},"18":{"start":{"line":40,"column":18},"end":{"line":40,"column":20}},"19":{"start":{"line":41,"column":8},"end":{"line":48,"column":9}},"20":{"start":{"line":41,"column":21},"end":{"line":41,"column":22}},"21":{"start":{"line":42,"column":12},"end":{"line":47,"column":13}},"22":{"start":{"line":49,"column":8},"end":{"line":59,"column":10}},"23":{"start":{"line":50,"column":24},"end":{"line":50,"column":38}},"24":{"start":{"line":51,"column":32},"end":{"line":51,"column":52}},"25":{"start":{"line":52,"column":24},"end":{"line":52,"column":38}},"26":{"start":{"line":53,"column":32},"end":{"line":53,"column":52}},"27":{"start":{"line":54,"column":12},"end":{"line":55,"column":26}},"28":{"start":{"line":55,"column":16},"end":{"line":55,"column":26}},"29":{"start":{"line":56,"column":12},"end":{"line":57,"column":25}},"30":{"start":{"line":57,"column":16},"end":{"line":57,"column":25}},"31":{"start":{"line":58,"column":12},"end":{"line":58,"column":21}},"32":{"start":{"line":60,"column":8},"end":{"line":60,"column":18}},"33":{"start":{"line":63,"column":29},"end":{"line":112,"column":5}},"34":{"start":{"line":64,"column":8},"end":{"line":111,"column":9}},"35":{"start":{"line":65,"column":12},"end":{"line":65,"column":31}},"36":{"start":{"line":66,"column":28},"end":{"line":66,"column":47}},"37":{"start":{"line":67,"column":12},"end":{"line":67,"column":26}},"38":{"start":{"line":69,"column":12},"end":{"line":107,"column":14}},"39":{"start":{"line":71,"column":37},"end":{"line":71,"column":42}},"40":{"start":{"line":72,"column":42},"end":{"line":72,"column":85}},"41":{"start":{"line":73,"column":20},"end":{"line":90,"column":21}},"42":{"start":{"line":75,"column":44},"end":{"line":84,"column":29}},"43":{"start":{"line":76,"column":32},"end":{"line":83,"column":33}},"44":{"start":{"line":77,"column":36},"end":{"line":82,"column":37}},"45":{"start":{"line":78,"column":40},"end":{"line":81,"column":41}},"46":{"start":{"line":79,"column":44},"end":{"line":79,"column":61}},"47":{"start":{"line":80,"column":44},"end":{"line":80,"column":49}},"48":{"start":{"line":85,"column":28},"end":{"line":85,"column":52}},"49":{"start":{"line":88,"column":28},"end":{"line":88,"column":41}},"50":{"start":{"line":92,"column":20},"end":{"line":102,"column":21}},"51":{"start":{"line":93,"column":43},"end":{"line":93,"column":62}},"52":{"start":{"line":94,"column":24},"end":{"line":96,"column":27}},"53":{"start":{"line":97,"column":40},"end":{"line":97,"column":75}},"54":{"start":{"line":98,"column":24},"end":{"line":98,"column":44}},"55":{"start":{"line":101,"column":24},"end":{"line":101,"column":61}},"56":{"start":{"line":105,"column":20},"end":{"line":105,"column":32}},"57":{"start":{"line":110,"column":12},"end":{"line":110,"column":24}},"58":{"start":{"line":114,"column":18},"end":{"line":152,"column":5}},"59":{"start":{"line":115,"column":8},"end":{"line":151,"column":9}},"60":{"start":{"line":116,"column":34},"end":{"line":116,"column":77}},"61":{"start":{"line":117,"column":28},"end":{"line":117,"column":30}},"62":{"start":{"line":118,"column":12},"end":{"line":147,"column":14}},"63":{"start":{"line":120,"column":36},"end":{"line":141,"column":21}},"64":{"start":{"line":121,"column":24},"end":{"line":125,"column":25}},"65":{"start":{"line":122,"column":28},"end":{"line":124,"column":29}},"66":{"start":{"line":123,"column":32},"end":{"line":123,"column":77}},"67":{"start":{"line":126,"column":43},"end":{"line":129,"column":26}},"68":{"start":{"line":127,"column":49},"end":{"line":127,"column":94}},"69":{"start":{"line":128,"column":28},"end":{"line":128,"column":57}},"70":{"start":{"line":130,"column":24},"end":{"line":130,"column":77}},"71":{"start":{"line":131,"column":24},"end":{"line":131,"column":102}},"72":{"start":{"line":131,"column":73},"end":{"line":131,"column":98}},"73":{"start":{"line":132,"column":41},"end":{"line":132,"column":91}},"74":{"start":{"line":132,"column":77},"end":{"line":132,"column":88}},"75":{"start":{"line":133,"column":24},"end":{"line":133,"column":91}},"76":{"start":{"line":133,"column":75},"end":{"line":133,"column":87}},"77":{"start":{"line":134,"column":24},"end":{"line":134,"column":77}},"78":{"start":{"line":135,"column":24},"end":{"line":135,"column":102}},"79":{"start":{"line":135,"column":73},"end":{"line":135,"column":98}},"80":{"start":{"line":136,"column":43},"end":{"line":136,"column":45}},"81":{"start":{"line":137,"column":24},"end":{"line":139,"column":25}},"82":{"start":{"line":137,"column":37},"end":{"line":137,"column":38}},"83":{"start":{"line":138,"column":28},"end":{"line":138,"column":77}},"84":{"start":{"line":140,"column":24},"end":{"line":140,"column":48}},"85":{"start":{"line":142,"column":20},"end":{"line":142,"column":44}},"86":{"start":{"line":145,"column":20},"end":{"line":145,"column":41}},"87":{"start":{"line":150,"column":12},"end":{"line":150,"column":24}},"88":{"start":{"line":154,"column":4},"end":{"line":156,"column":11}},"89":{"start":{"line":155,"column":8},"end":{"line":155,"column":16}},"90":{"start":{"line":159,"column":27},"end":{"line":174,"column":5}},"91":{"start":{"line":160,"column":8},"end":{"line":173,"column":9}},"92":{"start":{"line":161,"column":35},"end":{"line":161,"column":97}},"93":{"start":{"line":162,"column":12},"end":{"line":162,"column":34}},"94":{"start":{"line":163,"column":12},"end":{"line":169,"column":13}},"95":{"start":{"line":163,"column":25},"end":{"line":163,"column":26}},"96":{"start":{"line":164,"column":16},"end":{"line":168,"column":17}},"97":{"start":{"line":165,"column":38},"end":{"line":165,"column":82}},"98":{"start":{"line":165,"column":65},"end":{"line":165,"column":81}},"99":{"start":{"line":166,"column":20},"end":{"line":166,"column":40}},"100":{"start":{"line":167,"column":20},"end":{"line":167,"column":25}},"101":{"start":{"line":172,"column":12},"end":{"line":172,"column":24}},"102":{"start":{"line":176,"column":4},"end":{"line":232,"column":6}},"103":{"start":{"line":178,"column":35},"end":{"line":178,"column":54}},"104":{"start":{"line":184,"column":41},"end":{"line":184,"column":65}},"105":{"start":{"line":193,"column":24},"end":{"line":205,"column":26}},"106":{"start":{"line":203,"column":112},"end":{"line":203,"column":135}}},"fnMap":{"0":{"name":"(anonymous_0)","decl":{"start":{"line":10,"column":20},"end":{"line":10,"column":21}},"loc":{"start":{"line":10,"column":51},"end":{"line":23,"column":1}},"line":10},"1":{"name":"(anonymous_1)","decl":{"start":{"line":25,"column":26},"end":{"line":25,"column":27}},"loc":{"start":{"line":25,"column":35},"end":{"line":31,"column":1}},"line":25},"2":{"name":"Cities","decl":{"start":{"line":33,"column":16},"end":{"line":33,"column":22}},"loc":{"start":{"line":33,"column":25},"end":{"line":233,"column":1}},"line":33},"3":{"name":"(anonymous_3)","decl":{"start":{"line":37,"column":33},"end":{"line":37,"column":34}},"loc":{"start":{"line":37,"column":56},"end":{"line":37,"column":82}},"line":37},"4":{"name":"(anonymous_4)","decl":{"start":{"line":39,"column":20},"end":{"line":39,"column":21}},"loc":{"start":{"line":39,"column":26},"end":{"line":61,"column":5}},"line":39},"5":{"name":"(anonymous_5)","decl":{"start":{"line":49,"column":23},"end":{"line":49,"column":24}},"loc":{"start":{"line":49,"column":33},"end":{"line":59,"column":9}},"line":49},"6":{"name":"(anonymous_6)","decl":{"start":{"line":63,"column":29},"end":{"line":63,"column":30}},"loc":{"start":{"line":63,"column":48},"end":{"line":112,"column":5}},"line":63},"7":{"name":"(anonymous_7)","decl":{"start":{"line":70,"column":27},"end":{"line":70,"column":28}},"loc":{"start":{"line":70,"column":43},"end":{"line":103,"column":17}},"line":70},"8":{"name":"(anonymous_8)","decl":{"start":{"line":74,"column":24},"end":{"line":74,"column":25}},"loc":{"start":{"line":74,"column":38},"end":{"line":86,"column":25}},"line":74},"9":{"name":"(anonymous_9)","decl":{"start":{"line":75,"column":44},"end":{"line":75,"column":45}},"loc":{"start":{"line":75,"column":60},"end":{"line":84,"column":29}},"line":75},"10":{"name":"(anonymous_10)","decl":{"start":{"line":87,"column":24},"end":{"line":87,"column":25}},"loc":{"start":{"line":87,"column":41},"end":{"line":89,"column":25}},"line":87},"11":{"name":"(anonymous_11)","decl":{"start":{"line":104,"column":25},"end":{"line":104,"column":26}},"loc":{"start":{"line":104,"column":36},"end":{"line":106,"column":17}},"line":104},"12":{"name":"(anonymous_12)","decl":{"start":{"line":114,"column":18},"end":{"line":114,"column":19}},"loc":{"start":{"line":114,"column":36},"end":{"line":152,"column":5}},"line":114},"13":{"name":"(anonymous_13)","decl":{"start":{"line":119,"column":16},"end":{"line":119,"column":17}},"loc":{"start":{"line":119,"column":30},"end":{"line":143,"column":17}},"line":119},"14":{"name":"(anonymous_14)","decl":{"start":{"line":120,"column":36},"end":{"line":120,"column":37}},"loc":{"start":{"line":120,"column":52},"end":{"line":141,"column":21}},"line":120},"15":{"name":"(anonymous_15)","decl":{"start":{"line":126,"column":57},"end":{"line":126,"column":58}},"loc":{"start":{"line":126,"column":80},"end":{"line":129,"column":25}},"line":126},"16":{"name":"(anonymous_16)","decl":{"start":{"line":131,"column":56},"end":{"line":131,"column":57}},"loc":{"start":{"line":131,"column":71},"end":{"line":131,"column":100}},"line":131},"17":{"name":"(anonymous_17)","decl":{"start":{"line":132,"column":58},"end":{"line":132,"column":59}},"loc":{"start":{"line":132,"column":75},"end":{"line":132,"column":90}},"line":132},"18":{"name":"(anonymous_18)","decl":{"start":{"line":133,"column":56},"end":{"line":133,"column":57}},"loc":{"start":{"line":133,"column":73},"end":{"line":133,"column":89}},"line":133},"19":{"name":"(anonymous_19)","decl":{"start":{"line":135,"column":56},"end":{"line":135,"column":57}},"loc":{"start":{"line":135,"column":71},"end":{"line":135,"column":100}},"line":135},"20":{"name":"(anonymous_20)","decl":{"start":{"line":144,"column":16},"end":{"line":144,"column":17}},"loc":{"start":{"line":144,"column":33},"end":{"line":146,"column":17}},"line":144},"21":{"name":"(anonymous_21)","decl":{"start":{"line":154,"column":14},"end":{"line":154,"column":15}},"loc":{"start":{"line":154,"column":20},"end":{"line":156,"column":5}},"line":154},"22":{"name":"(anonymous_22)","decl":{"start":{"line":159,"column":27},"end":{"line":159,"column":28}},"loc":{"start":{"line":159,"column":55},"end":{"line":174,"column":5}},"line":159},"23":{"name":"(anonymous_23)","decl":{"start":{"line":165,"column":52},"end":{"line":165,"column":53}},"loc":{"start":{"line":165,"column":65},"end":{"line":165,"column":81}},"line":165},"24":{"name":"(anonymous_24)","decl":{"start":{"line":178,"column":28},"end":{"line":178,"column":29}},"loc":{"start":{"line":178,"column":35},"end":{"line":178,"column":54}},"line":178},"25":{"name":"(anonymous_25)","decl":{"start":{"line":184,"column":34},"end":{"line":184,"column":35}},"loc":{"start":{"line":184,"column":41},"end":{"line":184,"column":65}},"line":184},"26":{"name":"(anonymous_26)","decl":{"start":{"line":192,"column":31},"end":{"line":192,"column":32}},"loc":{"start":{"line":192,"column":41},"end":{"line":206,"column":21}},"line":192},"27":{"name":"(anonymous_27)","decl":{"start":{"line":203,"column":106},"end":{"line":203,"column":107}},"loc":{"start":{"line":203,"column":112},"end":{"line":203,"column":135}},"line":203}},"branchMap":{"0":{"loc":{"start":{"line":18,"column":4},"end":{"line":21,"column":5}},"type":"if","locations":[{"start":{"line":18,"column":4},"end":{"line":21,"column":5}},{"start":{},"end":{}}],"line":18},"1":{"loc":{"start":{"line":54,"column":12},"end":{"line":55,"column":26}},"type":"if","locations":[{"start":{"line":54,"column":12},"end":{"line":55,"column":26}},{"start":{},"end":{}}],"line":54},"2":{"loc":{"start":{"line":56,"column":12},"end":{"line":57,"column":25}},"type":"if","locations":[{"start":{"line":56,"column":12},"end":{"line":57,"column":25}},{"start":{},"end":{}}],"line":56},"3":{"loc":{"start":{"line":78,"column":40},"end":{"line":81,"column":41}},"type":"if","locations":[{"start":{"line":78,"column":40},"end":{"line":81,"column":41}},{"start":{},"end":{}}],"line":78},"4":{"loc":{"start":{"line":92,"column":20},"end":{"line":102,"column":21}},"type":"if","locations":[{"start":{"line":92,"column":20},"end":{"line":102,"column":21}},{"start":{"line":100,"column":25},"end":{"line":102,"column":21}}],"line":92},"5":{"loc":{"start":{"line":164,"column":16},"end":{"line":168,"column":17}},"type":"if","locations":[{"start":{"line":164,"column":16},"end":{"line":168,"column":17}},{"start":{},"end":{}}],"line":164},"6":{"loc":{"start":{"line":185,"column":31},"end":{"line":185,"column":58}},"type":"cond-expr","locations":[{"start":{"line":185,"column":48},"end":{"line":185,"column":50}},{"start":{"line":185,"column":53},"end":{"line":185,"column":58}}],"line":185},"7":{"loc":{"start":{"line":210,"column":16},"end":{"line":229,"column":17}},"type":"binary-expr","locations":[{"start":{"line":210,"column":16},"end":{"line":210,"column":34}},{"start":{"line":212,"column":20},"end":{"line":228,"column":29}}],"line":210}},"s":{"0":1,"1":0,"2":0,"3":0,"4":0,"5":0,"6":1,"7":4,"8":4,"9":4,"10":13,"11":4,"12":1,"13":1,"14":1,"15":1,"16":0,"17":1,"18":0,"19":0,"20":0,"21":0,"22":0,"23":0,"24":0,"25":0,"26":0,"27":0,"28":0,"29":0,"30":0,"31":0,"32":0,"33":1,"34":0,"35":0,"36":0,"37":0,"38":0,"39":0,"40":0,"41":0,"42":0,"43":0,"44":0,"45":0,"46":0,"47":0,"48":0,"49":0,"50":0,"51":0,"52":0,"53":0,"54":0,"55":0,"56":0,"57":0,"58":1,"59":1,"60":1,"61":0,"62":0,"63":0,"64":0,"65":0,"66":0,"67":0,"68":0,"69":0,"70":0,"71":0,"72":0,"73":0,"74":0,"75":0,"76":0,"77":0,"78":0,"79":0,"80":0,"81":0,"82":0,"83":0,"84":0,"85":0,"86":0,"87":1,"88":1,"89":1,"90":1,"91":0,"92":0,"93":0,"94":0,"95":0,"96":0,"97":0,"98":0,"99":0,"100":0,"101":0,"102":1,"103":0,"104":0,"105":0,"106":0},"f":{"0":0,"1":4,"2":1,"3":0,"4":0,"5":0,"6":0,"7":0,"8":0,"9":0,"10":0,"11":0,"12":1,"13":0,"14":0,"15":0,"16":0,"17":0,"18":0,"19":0,"20":0,"21":1,"22":0,"23":0,"24":0,"25":0,"26":0,"27":0},"b":{"0":[0,0],"1":[0,0],"2":[0,0],"3":[0,0],"4":[0,0],"5":[0,0],"6":[0,1],"7":[1,0]},"_coverageSchema":"1a1c01bbd47fc00a2c39e90264f33305004495a9","hash":"c67b2c3f4b9be98adf1bdb532e5ebd27e43f3bb0"}
,"C:\\git_workspace\\weather_app\\src\\pages\\Home.js": {"path":"C:\\git_workspace\\weather_app\\src\\pages\\Home.js","statementMap":{"0":{"start":{"line":4,"column":2},"end":{"line":34,"column":4}}},"fnMap":{"0":{"name":"Home","decl":{"start":{"line":3,"column":24},"end":{"line":3,"column":28}},"loc":{"start":{"line":3,"column":31},"end":{"line":35,"column":1}},"line":3}},"branchMap":{},"s":{"0":1},"f":{"0":1},"b":{},"_coverageSchema":"1a1c01bbd47fc00a2c39e90264f33305004495a9","hash":"78f69992d55ea1d90eb6bfcdcec7d79bcccbf47c"}
,"C:\\git_workspace\\weather_app\\src\\pages\\Login.js": {"path":"C:\\git_workspace\\weather_app\\src\\pages\\Login.js","statementMap":{"0":{"start":{"line":6,"column":32},"end":{"line":6,"column":69}},"1":{"start":{"line":8,"column":18},"end":{"line":8,"column":41}},"2":{"start":{"line":10,"column":19},"end":{"line":10,"column":32}},"3":{"start":{"line":12,"column":27},"end":{"line":20,"column":3}},"4":{"start":{"line":13,"column":4},"end":{"line":13,"column":23}},"5":{"start":{"line":14,"column":21},"end":{"line":14,"column":67}},"6":{"start":{"line":15,"column":29},"end":{"line":15,"column":60}},"7":{"start":{"line":16,"column":4},"end":{"line":19,"column":5}},"8":{"start":{"line":17,"column":6},"end":{"line":17,"column":55}},"9":{"start":{"line":18,"column":6},"end":{"line":18,"column":31}},"10":{"start":{"line":22,"column":2},"end":{"line":65,"column":4}},"11":{"start":{"line":36,"column":14},"end":{"line":36,"column":63}},"12":{"start":{"line":48,"column":14},"end":{"line":48,"column":66}},"13":{"start":{"line":57,"column":72},"end":{"line":57,"column":105}}},"fnMap":{"0":{"name":"Login","decl":{"start":{"line":5,"column":9},"end":{"line":5,"column":14}},"loc":{"start":{"line":5,"column":17},"end":{"line":66,"column":1}},"line":5},"1":{"name":"(anonymous_1)","decl":{"start":{"line":12,"column":27},"end":{"line":12,"column":28}},"loc":{"start":{"line":12,"column":40},"end":{"line":20,"column":3}},"line":12},"2":{"name":"(anonymous_2)","decl":{"start":{"line":35,"column":22},"end":{"line":35,"column":23}},"loc":{"start":{"line":36,"column":14},"end":{"line":36,"column":63}},"line":36},"3":{"name":"(anonymous_3)","decl":{"start":{"line":47,"column":22},"end":{"line":47,"column":23}},"loc":{"start":{"line":48,"column":14},"end":{"line":48,"column":66}},"line":48},"4":{"name":"(anonymous_4)","decl":{"start":{"line":57,"column":66},"end":{"line":57,"column":67}},"loc":{"start":{"line":57,"column":72},"end":{"line":57,"column":105}},"line":57}},"branchMap":{"0":{"loc":{"start":{"line":16,"column":4},"end":{"line":19,"column":5}},"type":"if","locations":[{"start":{"line":16,"column":4},"end":{"line":19,"column":5}},{"start":{},"end":{}}],"line":16}},"s":{"0":3,"1":3,"2":3,"3":3,"4":0,"5":0,"6":0,"7":0,"8":0,"9":0,"10":3,"11":0,"12":0,"13":1},"f":{"0":3,"1":0,"2":0,"3":0,"4":1},"b":{"0":[0,0]},"_coverageSchema":"1a1c01bbd47fc00a2c39e90264f33305004495a9","hash":"5f990f8ac928cd7d997fbbdc09dab2231e5b8a69"}
,"C:\\git_workspace\\weather_app\\src\\pages\\Register.js": {"path":"C:\\git_workspace\\weather_app\\src\\pages\\Register.js","statementMap":{"0":{"start":{"line":7,"column":32},"end":{"line":11,"column":4}},"1":{"start":{"line":13,"column":18},"end":{"line":13,"column":41}},"2":{"start":{"line":15,"column":19},"end":{"line":15,"column":32}},"3":{"start":{"line":17,"column":27},"end":{"line":29,"column":3}},"4":{"start":{"line":18,"column":4},"end":{"line":18,"column":23}},"5":{"start":{"line":19,"column":4},"end":{"line":22,"column":5}},"6":{"start":{"line":20,"column":6},"end":{"line":20,"column":39}},"7":{"start":{"line":21,"column":6},"end":{"line":21,"column":13}},"8":{"start":{"line":23,"column":21},"end":{"line":23,"column":70}},"9":{"start":{"line":24,"column":29},"end":{"line":24,"column":60}},"10":{"start":{"line":25,"column":4},"end":{"line":28,"column":5}},"11":{"start":{"line":26,"column":6},"end":{"line":26,"column":49}},"12":{"start":{"line":27,"column":6},"end":{"line":27,"column":31}},"13":{"start":{"line":31,"column":2},"end":{"line":86,"column":4}},"14":{"start":{"line":45,"column":14},"end":{"line":45,"column":63}},"15":{"start":{"line":57,"column":14},"end":{"line":57,"column":66}},"16":{"start":{"line":69,"column":14},"end":{"line":69,"column":70}},"17":{"start":{"line":78,"column":72},"end":{"line":78,"column":102}}},"fnMap":{"0":{"name":"Register","decl":{"start":{"line":6,"column":9},"end":{"line":6,"column":17}},"loc":{"start":{"line":6,"column":20},"end":{"line":87,"column":1}},"line":6},"1":{"name":"(anonymous_1)","decl":{"start":{"line":17,"column":27},"end":{"line":17,"column":28}},"loc":{"start":{"line":17,"column":40},"end":{"line":29,"column":3}},"line":17},"2":{"name":"(anonymous_2)","decl":{"start":{"line":44,"column":22},"end":{"line":44,"column":23}},"loc":{"start":{"line":45,"column":14},"end":{"line":45,"column":63}},"line":45},"3":{"name":"(anonymous_3)","decl":{"start":{"line":56,"column":22},"end":{"line":56,"column":23}},"loc":{"start":{"line":57,"column":14},"end":{"line":57,"column":66}},"line":57},"4":{"name":"(anonymous_4)","decl":{"start":{"line":68,"column":22},"end":{"line":68,"column":23}},"loc":{"start":{"line":69,"column":14},"end":{"line":69,"column":70}},"line":69},"5":{"name":"(anonymous_5)","decl":{"start":{"line":78,"column":66},"end":{"line":78,"column":67}},"loc":{"start":{"line":78,"column":72},"end":{"line":78,"column":102}},"line":78}},"branchMap":{"0":{"loc":{"start":{"line":19,"column":4},"end":{"line":22,"column":5}},"type":"if","locations":[{"start":{"line":19,"column":4},"end":{"line":22,"column":5}},{"start":{},"end":{}}],"line":19},"1":{"loc":{"start":{"line":25,"column":4},"end":{"line":28,"column":5}},"type":"if","locations":[{"start":{"line":25,"column":4},"end":{"line":28,"column":5}},{"start":{},"end":{}}],"line":25}},"s":{"0":3,"1":3,"2":3,"3":3,"4":0,"5":0,"6":0,"7":0,"8":0,"9":0,"10":0,"11":0,"12":0,"13":3,"14":0,"15":0,"16":0,"17":1},"f":{"0":3,"1":0,"2":0,"3":0,"4":0,"5":1},"b":{"0":[0,0],"1":[0,0]},"_coverageSchema":"1a1c01bbd47fc00a2c39e90264f33305004495a9","hash":"45fdf919fe9623d6ec984fb0e3c2e18149cc2d97"}
,"C:\\git_workspace\\weather_app\\src\\utils\\auth.js": {"path":"C:\\git_workspace\\weather_app\\src\\utils\\auth.js","statementMap":{"0":{"start":{"line":11,"column":27},"end":{"line":11,"column":46}},"1":{"start":{"line":13,"column":28},"end":{"line":58,"column":1}},"2":{"start":{"line":14,"column":28},"end":{"line":14,"column":56}},"3":{"start":{"line":16,"column":4},"end":{"line":18,"column":7}},"4":{"start":{"line":17,"column":8},"end":{"line":17,"column":29}},"5":{"start":{"line":20,"column":21},"end":{"line":32,"column":5}},"6":{"start":{"line":21,"column":8},"end":{"line":31,"column":9}},"7":{"start":{"line":22,"column":29},"end":{"line":26,"column":13}},"8":{"start":{"line":27,"column":12},"end":{"line":27,"column":27}},"9":{"start":{"line":29,"column":12},"end":{"line":29,"column":33}},"10":{"start":{"line":30,"column":12},"end":{"line":30,"column":23}},"11":{"start":{"line":34,"column":18},"end":{"line":46,"column":5}},"12":{"start":{"line":35,"column":8},"end":{"line":45,"column":9}},"13":{"start":{"line":36,"column":29},"end":{"line":40,"column":13}},"14":{"start":{"line":41,"column":12},"end":{"line":41,"column":27}},"15":{"start":{"line":43,"column":12},"end":{"line":43,"column":33}},"16":{"start":{"line":44,"column":12},"end":{"line":44,"column":23}},"17":{"start":{"line":48,"column":19},"end":{"line":51,"column":5}},"18":{"start":{"line":49,"column":8},"end":{"line":49,"column":21}},"19":{"start":{"line":50,"column":8},"end":{"line":50,"column":28}},"20":{"start":{"line":53,"column":4},"end":{"line":57,"column":5}},"21":{"start":{"line":60,"column":23},"end":{"line":62,"column":1}},"22":{"start":{"line":61,"column":4},"end":{"line":61,"column":34}},"23":{"start":{"line":65,"column":42},"end":{"line":77,"column":6}},"24":{"start":{"line":66,"column":8},"end":{"line":68,"column":9}},"25":{"start":{"line":67,"column":12},"end":{"line":67,"column":32}},"26":{"start":{"line":70,"column":8},"end":{"line":76,"column":9}},"27":{"start":{"line":71,"column":25},"end":{"line":71,"column":57}},"28":{"start":{"line":72,"column":12},"end":{"line":72,"column":58}},"29":{"start":{"line":74,"column":12},"end":{"line":74,"column":25}},"30":{"start":{"line":75,"column":12},"end":{"line":75,"column":32}},"31":{"start":{"line":79,"column":21},"end":{"line":90,"column":5}},"32":{"start":{"line":80,"column":8},"end":{"line":89,"column":9}},"33":{"start":{"line":82,"column":16},"end":{"line":82,"column":70}},"34":{"start":{"line":83,"column":12},"end":{"line":83,"column":41}},"35":{"start":{"line":84,"column":12},"end":{"line":86,"column":13}},"36":{"start":{"line":85,"column":16},"end":{"line":85,"column":79}},"37":{"start":{"line":88,"column":12},"end":{"line":88,"column":25}},"38":{"start":{"line":92,"column":4},"end":{"line":92,"column":35}}},"fnMap":{"0":{"name":"(anonymous_0)","decl":{"start":{"line":13,"column":28},"end":{"line":13,"column":29}},"loc":{"start":{"line":13,"column":46},"end":{"line":58,"column":1}},"line":13},"1":{"name":"(anonymous_1)","decl":{"start":{"line":16,"column":29},"end":{"line":16,"column":30}},"loc":{"start":{"line":16,"column":46},"end":{"line":18,"column":5}},"line":16},"2":{"name":"(anonymous_2)","decl":{"start":{"line":20,"column":21},"end":{"line":20,"column":22}},"loc":{"start":{"line":20,"column":64},"end":{"line":32,"column":5}},"line":20},"3":{"name":"(anonymous_3)","decl":{"start":{"line":34,"column":18},"end":{"line":34,"column":19}},"loc":{"start":{"line":34,"column":55},"end":{"line":46,"column":5}},"line":34},"4":{"name":"(anonymous_4)","decl":{"start":{"line":48,"column":19},"end":{"line":48,"column":20}},"loc":{"start":{"line":48,"column":31},"end":{"line":51,"column":5}},"line":48},"5":{"name":"(anonymous_5)","decl":{"start":{"line":60,"column":23},"end":{"line":60,"column":24}},"loc":{"start":{"line":60,"column":29},"end":{"line":62,"column":1}},"line":60},"6":{"name":"useLocalStorage","decl":{"start":{"line":64,"column":9},"end":{"line":64,"column":24}},"loc":{"start":{"line":64,"column":44},"end":{"line":93,"column":1}},"line":64},"7":{"name":"(anonymous_7)","decl":{"start":{"line":65,"column":51},"end":{"line":65,"column":52}},"loc":{"start":{"line":65,"column":57},"end":{"line":77,"column":5}},"line":65},"8":{"name":"(anonymous_8)","decl":{"start":{"line":79,"column":21},"end":{"line":79,"column":22}},"loc":{"start":{"line":79,"column":32},"end":{"line":90,"column":5}},"line":79}},"branchMap":{"0":{"loc":{"start":{"line":66,"column":8},"end":{"line":68,"column":9}},"type":"if","locations":[{"start":{"line":66,"column":8},"end":{"line":68,"column":9}},{"start":{},"end":{}}],"line":66},"1":{"loc":{"start":{"line":72,"column":19},"end":{"line":72,"column":57}},"type":"cond-expr","locations":[{"start":{"line":72,"column":26},"end":{"line":72,"column":42}},{"start":{"line":72,"column":45},"end":{"line":72,"column":57}}],"line":72},"2":{"loc":{"start":{"line":82,"column":16},"end":{"line":82,"column":70}},"type":"cond-expr","locations":[{"start":{"line":82,"column":44},"end":{"line":82,"column":62}},{"start":{"line":82,"column":65},"end":{"line":82,"column":70}}],"line":82},"3":{"loc":{"start":{"line":84,"column":12},"end":{"line":86,"column":13}},"type":"if","locations":[{"start":{"line":84,"column":12},"end":{"line":86,"column":13}},{"start":{},"end":{}}],"line":84}},"s":{"0":4,"1":4,"2":0,"3":0,"4":0,"5":0,"6":0,"7":0,"8":0,"9":0,"10":0,"11":0,"12":0,"13":0,"14":0,"15":0,"16":0,"17":0,"18":0,"19":0,"20":0,"21":4,"22":0,"23":0,"24":0,"25":0,"26":0,"27":0,"28":0,"29":0,"30":0,"31":0,"32":0,"33":0,"34":0,"35":0,"36":0,"37":0,"38":0},"f":{"0":0,"1":0,"2":0,"3":0,"4":0,"5":0,"6":0,"7":0,"8":0},"b":{"0":[0,0],"1":[0,0],"2":[0,0],"3":[0,0]},"_coverageSchema":"1a1c01bbd47fc00a2c39e90264f33305004495a9","hash":"57bdef33566a3a805409b39731b786d886cccf55"}
,"C:\\git_workspace\\weather_app\\src\\utils\\firebase-config.js": {"path":"C:\\git_workspace\\weather_app\\src\\utils\\firebase-config.js","statementMap":{"0":{"start":{"line":8,"column":23},"end":{"line":17,"column":1}},"1":{"start":{"line":19,"column":12},"end":{"line":19,"column":41}},"2":{"start":{"line":21,"column":20},"end":{"line":21,"column":32}},"3":{"start":{"line":24,"column":4},"end":{"line":26,"column":5}},"4":{"start":{"line":25,"column":8},"end":{"line":25,"column":47}},"5":{"start":{"line":29,"column":0},"end":{"line":29,"column":15}},"6":{"start":{"line":30,"column":17},"end":{"line":30,"column":30}}},"fnMap":{"0":{"name":"initFirebase","decl":{"start":{"line":23,"column":9},"end":{"line":23,"column":21}},"loc":{"start":{"line":23,"column":24},"end":{"line":27,"column":1}},"line":23}},"branchMap":{"0":{"loc":{"start":{"line":24,"column":4},"end":{"line":26,"column":5}},"type":"if","locations":[{"start":{"line":24,"column":4},"end":{"line":26,"column":5}},{"start":{},"end":{}}],"line":24}},"s":{"0":4,"1":4,"2":4,"3":4,"4":4,"5":4,"6":4},"f":{"0":4},"b":{"0":[4,0]},"_coverageSchema":"1a1c01bbd47fc00a2c39e90264f33305004495a9","hash":"2f20a6667719a1d1e66eb0612c723a9da60da2c0"}
}
