{"C:\\git_workspace\\weather_app\\env.js": {"path":"C:\\git_workspace\\weather_app\\env.js","statementMap":{"0":{"start":{"line":1,"column":22},"end":{"line":1,"column":63}},"1":{"start":{"line":2,"column":29},"end":{"line":2,"column":63}}},"fnMap":{},"branchMap":{},"s":{"0":1,"1":1},"f":{},"b":{},"_coverageSchema":"1a1c01bbd47fc00a2c39e90264f33305004495a9","hash":"820f249afde115ab5cbdc382f6ca57320f3a1e53"}
,"C:\\git_workspace\\weather_app\\src\\components\\Navbar.js": {"path":"C:\\git_workspace\\weather_app\\src\\components\\Navbar.js","statementMap":{"0":{"start":{"line":7,"column":20},"end":{"line":7,"column":43}},"1":{"start":{"line":8,"column":4},"end":{"line":36,"column":5}},"2":{"start":{"line":30,"column":62},"end":{"line":30,"column":78}},"3":{"start":{"line":40,"column":25},"end":{"line":40,"column":44}},"4":{"start":{"line":41,"column":21},"end":{"line":41,"column":73}},"5":{"start":{"line":43,"column":4},"end":{"line":49,"column":5}}},"fnMap":{"0":{"name":"Navbar","decl":{"start":{"line":6,"column":24},"end":{"line":6,"column":30}},"loc":{"start":{"line":6,"column":33},"end":{"line":37,"column":1}},"line":6},"1":{"name":"(anonymous_1)","decl":{"start":{"line":30,"column":54},"end":{"line":30,"column":55}},"loc":{"start":{"line":30,"column":60},"end":{"line":30,"column":80}},"line":30},"2":{"name":"CustomLink","decl":{"start":{"line":39,"column":9},"end":{"line":39,"column":19}},"loc":{"start":{"line":39,"column":48},"end":{"line":50,"column":1}},"line":39}},"branchMap":{"0":{"loc":{"start":{"line":16,"column":20},"end":{"line":19,"column":21}},"type":"binary-expr","locations":[{"start":{"line":16,"column":20},"end":{"line":16,"column":34}},{"start":{"line":18,"column":24},"end":{"line":18,"column":78}}],"line":16},"1":{"loc":{"start":{"line":22,"column":20},"end":{"line":25,"column":21}},"type":"binary-expr","locations":[{"start":{"line":22,"column":20},"end":{"line":22,"column":33}},{"start":{"line":24,"column":25},"end":{"line":24,"column":84}}],"line":22},"2":{"loc":{"start":{"line":28,"column":20},"end":{"line":31,"column":21}},"type":"binary-expr","locations":[{"start":{"line":28,"column":20},"end":{"line":28,"column":33}},{"start":{"line":30,"column":24},"end":{"line":30,"column":100}}],"line":28},"3":{"loc":{"start":{"line":44,"column":23},"end":{"line":44,"column":47}},"type":"cond-expr","locations":[{"start":{"line":44,"column":34},"end":{"line":44,"column":42}},{"start":{"line":44,"column":45},"end":{"line":44,"column":47}}],"line":44}},"s":{"0":3,"1":3,"2":0,"3":6,"4":6,"5":6},"f":{"0":3,"1":0,"2":6},"b":{"0":[3,3],"1":[3,0],"2":[3,0],"3":[0,6]},"_coverageSchema":"1a1c01bbd47fc00a2c39e90264f33305004495a9","hash":"9f185d4ed09485d4ee4c6f1fc9b40c80fb65377d"}
,"C:\\git_workspace\\weather_app\\src\\pages\\About.js": {"path":"C:\\git_workspace\\weather_app\\src\\pages\\About.js","statementMap":{"0":{"start":{"line":3,"column":4},"end":{"line":13,"column":5}}},"fnMap":{"0":{"name":"About","decl":{"start":{"line":1,"column":24},"end":{"line":1,"column":29}},"loc":{"start":{"line":1,"column":32},"end":{"line":14,"column":1}},"line":1}},"branchMap":{},"s":{"0":1},"f":{"0":1},"b":{},"_coverageSchema":"1a1c01bbd47fc00a2c39e90264f33305004495a9","hash":"a33ef1d101f0f46ff8cec641aed748e8bef7a143"}
,"C:\\git_workspace\\weather_app\\src\\pages\\Home.js": {"path":"C:\\git_workspace\\weather_app\\src\\pages\\Home.js","statementMap":{"0":{"start":{"line":4,"column":2},"end":{"line":30,"column":4}}},"fnMap":{"0":{"name":"Home","decl":{"start":{"line":3,"column":24},"end":{"line":3,"column":28}},"loc":{"start":{"line":3,"column":31},"end":{"line":31,"column":1}},"line":3}},"branchMap":{},"s":{"0":1},"f":{"0":1},"b":{},"_coverageSchema":"1a1c01bbd47fc00a2c39e90264f33305004495a9","hash":"a3558603bfcb66925d237046401d3b398d9ddc11"}
,"C:\\git_workspace\\weather_app\\src\\utils\\auth.js": {"path":"C:\\git_workspace\\weather_app\\src\\utils\\auth.js","statementMap":{"0":{"start":{"line":11,"column":27},"end":{"line":11,"column":46}},"1":{"start":{"line":13,"column":28},"end":{"line":58,"column":1}},"2":{"start":{"line":14,"column":28},"end":{"line":14,"column":56}},"3":{"start":{"line":16,"column":4},"end":{"line":18,"column":7}},"4":{"start":{"line":17,"column":8},"end":{"line":17,"column":29}},"5":{"start":{"line":20,"column":21},"end":{"line":32,"column":5}},"6":{"start":{"line":21,"column":8},"end":{"line":31,"column":9}},"7":{"start":{"line":22,"column":29},"end":{"line":26,"column":13}},"8":{"start":{"line":27,"column":12},"end":{"line":27,"column":27}},"9":{"start":{"line":29,"column":12},"end":{"line":29,"column":33}},"10":{"start":{"line":30,"column":12},"end":{"line":30,"column":23}},"11":{"start":{"line":34,"column":18},"end":{"line":46,"column":5}},"12":{"start":{"line":35,"column":8},"end":{"line":45,"column":9}},"13":{"start":{"line":36,"column":29},"end":{"line":40,"column":13}},"14":{"start":{"line":41,"column":12},"end":{"line":41,"column":27}},"15":{"start":{"line":43,"column":12},"end":{"line":43,"column":33}},"16":{"start":{"line":44,"column":12},"end":{"line":44,"column":23}},"17":{"start":{"line":48,"column":19},"end":{"line":51,"column":5}},"18":{"start":{"line":49,"column":8},"end":{"line":49,"column":21}},"19":{"start":{"line":50,"column":8},"end":{"line":50,"column":28}},"20":{"start":{"line":53,"column":4},"end":{"line":57,"column":5}},"21":{"start":{"line":60,"column":23},"end":{"line":62,"column":1}},"22":{"start":{"line":61,"column":4},"end":{"line":61,"column":34}},"23":{"start":{"line":65,"column":42},"end":{"line":77,"column":6}},"24":{"start":{"line":66,"column":8},"end":{"line":68,"column":9}},"25":{"start":{"line":67,"column":12},"end":{"line":67,"column":32}},"26":{"start":{"line":70,"column":8},"end":{"line":76,"column":9}},"27":{"start":{"line":71,"column":25},"end":{"line":71,"column":57}},"28":{"start":{"line":72,"column":12},"end":{"line":72,"column":58}},"29":{"start":{"line":74,"column":12},"end":{"line":74,"column":25}},"30":{"start":{"line":75,"column":12},"end":{"line":75,"column":32}},"31":{"start":{"line":79,"column":21},"end":{"line":90,"column":5}},"32":{"start":{"line":80,"column":8},"end":{"line":89,"column":9}},"33":{"start":{"line":82,"column":16},"end":{"line":82,"column":70}},"34":{"start":{"line":83,"column":12},"end":{"line":83,"column":41}},"35":{"start":{"line":84,"column":12},"end":{"line":86,"column":13}},"36":{"start":{"line":85,"column":16},"end":{"line":85,"column":79}},"37":{"start":{"line":88,"column":12},"end":{"line":88,"column":25}},"38":{"start":{"line":92,"column":4},"end":{"line":92,"column":35}}},"fnMap":{"0":{"name":"(anonymous_0)","decl":{"start":{"line":13,"column":28},"end":{"line":13,"column":29}},"loc":{"start":{"line":13,"column":46},"end":{"line":58,"column":1}},"line":13},"1":{"name":"(anonymous_1)","decl":{"start":{"line":16,"column":29},"end":{"line":16,"column":30}},"loc":{"start":{"line":16,"column":46},"end":{"line":18,"column":5}},"line":16},"2":{"name":"(anonymous_2)","decl":{"start":{"line":20,"column":21},"end":{"line":20,"column":22}},"loc":{"start":{"line":20,"column":64},"end":{"line":32,"column":5}},"line":20},"3":{"name":"(anonymous_3)","decl":{"start":{"line":34,"column":18},"end":{"line":34,"column":19}},"loc":{"start":{"line":34,"column":55},"end":{"line":46,"column":5}},"line":34},"4":{"name":"(anonymous_4)","decl":{"start":{"line":48,"column":19},"end":{"line":48,"column":20}},"loc":{"start":{"line":48,"column":31},"end":{"line":51,"column":5}},"line":48},"5":{"name":"(anonymous_5)","decl":{"start":{"line":60,"column":23},"end":{"line":60,"column":24}},"loc":{"start":{"line":60,"column":29},"end":{"line":62,"column":1}},"line":60},"6":{"name":"useLocalStorage","decl":{"start":{"line":64,"column":9},"end":{"line":64,"column":24}},"loc":{"start":{"line":64,"column":44},"end":{"line":93,"column":1}},"line":64},"7":{"name":"(anonymous_7)","decl":{"start":{"line":65,"column":51},"end":{"line":65,"column":52}},"loc":{"start":{"line":65,"column":57},"end":{"line":77,"column":5}},"line":65},"8":{"name":"(anonymous_8)","decl":{"start":{"line":79,"column":21},"end":{"line":79,"column":22}},"loc":{"start":{"line":79,"column":32},"end":{"line":90,"column":5}},"line":79}},"branchMap":{"0":{"loc":{"start":{"line":66,"column":8},"end":{"line":68,"column":9}},"type":"if","locations":[{"start":{"line":66,"column":8},"end":{"line":68,"column":9}},{"start":{},"end":{}}],"line":66},"1":{"loc":{"start":{"line":72,"column":19},"end":{"line":72,"column":57}},"type":"cond-expr","locations":[{"start":{"line":72,"column":26},"end":{"line":72,"column":42}},{"start":{"line":72,"column":45},"end":{"line":72,"column":57}}],"line":72},"2":{"loc":{"start":{"line":82,"column":16},"end":{"line":82,"column":70}},"type":"cond-expr","locations":[{"start":{"line":82,"column":44},"end":{"line":82,"column":62}},{"start":{"line":82,"column":65},"end":{"line":82,"column":70}}],"line":82},"3":{"loc":{"start":{"line":84,"column":12},"end":{"line":86,"column":13}},"type":"if","locations":[{"start":{"line":84,"column":12},"end":{"line":86,"column":13}},{"start":{},"end":{}}],"line":84}},"s":{"0":1,"1":1,"2":0,"3":0,"4":0,"5":0,"6":0,"7":0,"8":0,"9":0,"10":0,"11":0,"12":0,"13":0,"14":0,"15":0,"16":0,"17":0,"18":0,"19":0,"20":0,"21":1,"22":0,"23":0,"24":0,"25":0,"26":0,"27":0,"28":0,"29":0,"30":0,"31":0,"32":0,"33":0,"34":0,"35":0,"36":0,"37":0,"38":0},"f":{"0":0,"1":0,"2":0,"3":0,"4":0,"5":0,"6":0,"7":0,"8":0},"b":{"0":[0,0],"1":[0,0],"2":[0,0],"3":[0,0]},"_coverageSchema":"1a1c01bbd47fc00a2c39e90264f33305004495a9","hash":"57bdef33566a3a805409b39731b786d886cccf55"}
,"C:\\git_workspace\\weather_app\\src\\utils\\firebase-config.js": {"path":"C:\\git_workspace\\weather_app\\src\\utils\\firebase-config.js","statementMap":{"0":{"start":{"line":8,"column":23},"end":{"line":17,"column":1}},"1":{"start":{"line":19,"column":12},"end":{"line":19,"column":41}},"2":{"start":{"line":21,"column":20},"end":{"line":21,"column":32}},"3":{"start":{"line":24,"column":4},"end":{"line":26,"column":5}},"4":{"start":{"line":25,"column":8},"end":{"line":25,"column":47}},"5":{"start":{"line":29,"column":0},"end":{"line":29,"column":15}},"6":{"start":{"line":30,"column":17},"end":{"line":30,"column":30}}},"fnMap":{"0":{"name":"initFirebase","decl":{"start":{"line":23,"column":9},"end":{"line":23,"column":21}},"loc":{"start":{"line":23,"column":24},"end":{"line":27,"column":1}},"line":23}},"branchMap":{"0":{"loc":{"start":{"line":24,"column":4},"end":{"line":26,"column":5}},"type":"if","locations":[{"start":{"line":24,"column":4},"end":{"line":26,"column":5}},{"start":{},"end":{}}],"line":24}},"s":{"0":1,"1":1,"2":1,"3":1,"4":1,"5":1,"6":1},"f":{"0":1},"b":{"0":[1,0]},"_coverageSchema":"1a1c01bbd47fc00a2c39e90264f33305004495a9","hash":"2f20a6667719a1d1e66eb0612c723a9da60da2c0"}
}
