TN:
SF:env.js
FNF:0
FNH:0
DA:1,4
DA:2,4
LF:2
LH:2
BRF:0
BRH:0
end_of_record
TN:
SF:src\components\Navbar.js
FN:6,Navbar
FN:30,(anonymous_1)
FN:39,CustomLink
FNF:3
FNH:3
FNDA:5,Navbar
FNDA:1,(anonymous_1)
FNDA:18,CustomLink
DA:7,5
DA:8,5
DA:30,1
DA:40,18
DA:41,18
DA:43,18
LF:6
LH:6
BRDA:16,0,0,5
BRDA:16,0,1,3
BRDA:22,1,0,5
BRDA:22,1,1,2
BRDA:28,2,0,5
BRDA:28,2,1,2
BRDA:44,3,0,2
BRDA:44,3,1,16
BRF:8
BRH:8
end_of_record
TN:
SF:src\pages\About.js
FN:1,About
FNF:1
FNH:1
FNDA:1,About
DA:3,1
LF:1
LH:1
BRF:0
BRH:0
end_of_record
TN:
SF:src\pages\Cities.js
FN:10,(anonymous_0)
FN:25,(anonymous_1)
FN:33,Cities
FN:37,(anonymous_3)
FN:39,(anonymous_4)
FN:49,(anonymous_5)
FN:63,(anonymous_6)
FN:70,(anonymous_7)
FN:74,(anonymous_8)
FN:75,(anonymous_9)
FN:87,(anonymous_10)
FN:104,(anonymous_11)
FN:114,(anonymous_12)
FN:119,(anonymous_13)
FN:120,(anonymous_14)
FN:126,(anonymous_15)
FN:131,(anonymous_16)
FN:132,(anonymous_17)
FN:133,(anonymous_18)
FN:135,(anonymous_19)
FN:144,(anonymous_20)
FN:154,(anonymous_21)
FN:159,(anonymous_22)
FN:165,(anonymous_23)
FN:178,(anonymous_24)
FN:184,(anonymous_25)
FN:192,(anonymous_26)
FN:203,(anonymous_27)
FNF:28
FNH:4
FNDA:0,(anonymous_0)
FNDA:4,(anonymous_1)
FNDA:1,Cities
FNDA:0,(anonymous_3)
FNDA:0,(anonymous_4)
FNDA:0,(anonymous_5)
FNDA:0,(anonymous_6)
FNDA:0,(anonymous_7)
FNDA:0,(anonymous_8)
FNDA:0,(anonymous_9)
FNDA:0,(anonymous_10)
FNDA:0,(anonymous_11)
FNDA:1,(anonymous_12)
FNDA:0,(anonymous_13)
FNDA:0,(anonymous_14)
FNDA:0,(anonymous_15)
FNDA:0,(anonymous_16)
FNDA:0,(anonymous_17)
FNDA:0,(anonymous_18)
FNDA:0,(anonymous_19)
FNDA:0,(anonymous_20)
FNDA:1,(anonymous_21)
FNDA:0,(anonymous_22)
FNDA:0,(anonymous_23)
FNDA:0,(anonymous_24)
FNDA:0,(anonymous_25)
FNDA:0,(anonymous_26)
FNDA:0,(anonymous_27)
DA:10,1
DA:11,0
DA:18,0
DA:19,0
DA:20,0
DA:22,0
DA:25,1
DA:26,4
DA:27,4
DA:28,13
DA:30,4
DA:34,1
DA:35,1
DA:36,1
DA:37,1
DA:39,1
DA:40,0
DA:41,0
DA:42,0
DA:49,0
DA:50,0
DA:51,0
DA:52,0
DA:53,0
DA:54,0
DA:55,0
DA:56,0
DA:57,0
DA:58,0
DA:60,0
DA:63,1
DA:64,0
DA:65,0
DA:66,0
DA:67,0
DA:69,0
DA:71,0
DA:72,0
DA:73,0
DA:75,0
DA:76,0
DA:77,0
DA:78,0
DA:79,0
DA:80,0
DA:85,0
DA:88,0
DA:92,0
DA:93,0
DA:94,0
DA:97,0
DA:98,0
DA:101,0
DA:105,0
DA:110,0
DA:114,1
DA:115,1
DA:116,1
DA:117,0
DA:118,0
DA:120,0
DA:121,0
DA:122,0
DA:123,0
DA:126,0
DA:127,0
DA:128,0
DA:130,0
DA:131,0
DA:132,0
DA:133,0
DA:134,0
DA:135,0
DA:136,0
DA:137,0
DA:138,0
DA:140,0
DA:142,0
DA:145,0
DA:150,1
DA:154,1
DA:155,1
DA:159,1
DA:160,0
DA:161,0
DA:162,0
DA:163,0
DA:164,0
DA:165,0
DA:166,0
DA:167,0
DA:172,0
DA:176,1
DA:178,0
DA:184,0
DA:193,0
DA:203,0
LF:97
LH:20
BRDA:18,0,0,0
BRDA:18,0,1,0
BRDA:54,1,0,0
BRDA:54,1,1,0
BRDA:56,2,0,0
BRDA:56,2,1,0
BRDA:78,3,0,0
BRDA:78,3,1,0
BRDA:92,4,0,0
BRDA:92,4,1,0
BRDA:164,5,0,0
BRDA:164,5,1,0
BRDA:185,6,0,0
BRDA:185,6,1,1
BRDA:210,7,0,1
BRDA:210,7,1,0
BRF:16
BRH:2
end_of_record
TN:
SF:src\pages\Home.js
FN:3,Home
FNF:1
FNH:1
FNDA:1,Home
DA:4,1
LF:1
LH:1
BRF:0
BRH:0
end_of_record
TN:
SF:src\pages\Login.js
FN:5,Login
FN:12,(anonymous_1)
FN:35,(anonymous_2)
FN:47,(anonymous_3)
FN:57,(anonymous_4)
FNF:5
FNH:2
FNDA:3,Login
FNDA:0,(anonymous_1)
FNDA:0,(anonymous_2)
FNDA:0,(anonymous_3)
FNDA:1,(anonymous_4)
DA:6,3
DA:8,3
DA:10,3
DA:12,3
DA:13,0
DA:14,0
DA:15,0
DA:16,0
DA:17,0
DA:18,0
DA:22,3
DA:36,0
DA:48,0
DA:57,1
LF:14
LH:6
BRDA:16,0,0,0
BRDA:16,0,1,0
BRF:2
BRH:0
end_of_record
TN:
SF:src\pages\Register.js
FN:6,Register
FN:17,(anonymous_1)
FN:44,(anonymous_2)
FN:56,(anonymous_3)
FN:68,(anonymous_4)
FN:78,(anonymous_5)
FNF:6
FNH:2
FNDA:3,Register
FNDA:0,(anonymous_1)
FNDA:0,(anonymous_2)
FNDA:0,(anonymous_3)
FNDA:0,(anonymous_4)
FNDA:1,(anonymous_5)
DA:7,3
DA:13,3
DA:15,3
DA:17,3
DA:18,0
DA:19,0
DA:20,0
DA:21,0
DA:23,0
DA:24,0
DA:25,0
DA:26,0
DA:27,0
DA:31,3
DA:45,0
DA:57,0
DA:69,0
DA:78,1
LF:18
LH:6
BRDA:19,0,0,0
BRDA:19,0,1,0
BRDA:25,1,0,0
BRDA:25,1,1,0
BRF:4
BRH:0
end_of_record
TN:
SF:src\utils\auth.js
FN:13,(anonymous_0)
FN:16,(anonymous_1)
FN:20,(anonymous_2)
FN:34,(anonymous_3)
FN:48,(anonymous_4)
FN:60,(anonymous_5)
FN:64,useLocalStorage
FN:65,(anonymous_7)
FN:79,(anonymous_8)
FNF:9
FNH:0
FNDA:0,(anonymous_0)
FNDA:0,(anonymous_1)
FNDA:0,(anonymous_2)
FNDA:0,(anonymous_3)
FNDA:0,(anonymous_4)
FNDA:0,(anonymous_5)
FNDA:0,useLocalStorage
FNDA:0,(anonymous_7)
FNDA:0,(anonymous_8)
DA:11,4
DA:13,4
DA:14,0
DA:16,0
DA:17,0
DA:20,0
DA:21,0
DA:22,0
DA:27,0
DA:29,0
DA:30,0
DA:34,0
DA:35,0
DA:36,0
DA:41,0
DA:43,0
DA:44,0
DA:48,0
DA:49,0
DA:50,0
DA:53,0
DA:60,4
DA:61,0
DA:65,0
DA:66,0
DA:67,0
DA:70,0
DA:71,0
DA:72,0
DA:74,0
DA:75,0
DA:79,0
DA:80,0
DA:82,0
DA:83,0
DA:84,0
DA:85,0
DA:88,0
DA:92,0
LF:39
LH:3
BRDA:66,0,0,0
BRDA:66,0,1,0
BRDA:72,1,0,0
BRDA:72,1,1,0
BRDA:82,2,0,0
BRDA:82,2,1,0
BRDA:84,3,0,0
BRDA:84,3,1,0
BRF:8
BRH:0
end_of_record
TN:
SF:src\utils\firebase-config.js
FN:23,initFirebase
FNF:1
FNH:1
FNDA:4,initFirebase
DA:8,4
DA:19,4
DA:21,4
DA:24,4
DA:25,4
DA:29,4
DA:30,4
LF:7
LH:7
BRDA:24,0,0,4
BRDA:24,0,1,0
BRF:2
BRH:1
end_of_record
