TN:
SF:env.js
FNF:0
FNH:0
DA:1,3
DA:2,3
LF:2
LH:2
BRF:0
BRH:0
end_of_record
TN:
SF:src\components\Navbar.js
FN:6,Navbar
FN:30,(anonymous_1)
FN:39,CustomLink
FNF:3
FNH:3
FNDA:5,Navbar
FNDA:1,(anonymous_1)
FNDA:18,CustomLink
DA:7,5
DA:8,5
DA:30,1
DA:40,18
DA:41,18
DA:43,18
LF:6
LH:6
BRDA:16,0,0,5
BRDA:16,0,1,3
BRDA:22,1,0,5
BRDA:22,1,1,2
BRDA:28,2,0,5
BRDA:28,2,1,2
BRDA:44,3,0,2
BRDA:44,3,1,16
BRF:8
BRH:8
end_of_record
TN:
SF:src\pages\About.js
FN:1,About
FNF:1
FNH:1
FNDA:1,About
DA:3,1
LF:1
LH:1
BRF:0
BRH:0
end_of_record
TN:
SF:src\pages\Home.js
FN:3,Home
FNF:1
FNH:1
FNDA:1,Home
DA:4,1
LF:1
LH:1
BRF:0
BRH:0
end_of_record
TN:
SF:src\pages\Login.js
FN:5,Login
FN:12,(anonymous_1)
FN:35,(anonymous_2)
FN:47,(anonymous_3)
FN:57,(anonymous_4)
FNF:5
FNH:2
FNDA:3,Login
FNDA:0,(anonymous_1)
FNDA:0,(anonymous_2)
FNDA:0,(anonymous_3)
FNDA:1,(anonymous_4)
DA:6,3
DA:8,3
DA:10,3
DA:12,3
DA:13,0
DA:14,0
DA:15,0
DA:16,0
DA:17,0
DA:18,0
DA:22,3
DA:36,0
DA:48,0
DA:57,1
LF:14
LH:6
BRDA:16,0,0,0
BRDA:16,0,1,0
BRF:2
BRH:0
end_of_record
TN:
SF:src\pages\Register.js
FN:6,Register
FN:17,(anonymous_1)
FN:44,(anonymous_2)
FN:56,(anonymous_3)
FN:68,(anonymous_4)
FN:78,(anonymous_5)
FNF:6
FNH:2
FNDA:3,Register
FNDA:0,(anonymous_1)
FNDA:0,(anonymous_2)
FNDA:0,(anonymous_3)
FNDA:0,(anonymous_4)
FNDA:1,(anonymous_5)
DA:7,3
DA:13,3
DA:15,3
DA:17,3
DA:18,0
DA:19,0
DA:20,0
DA:21,0
DA:23,0
DA:24,0
DA:25,0
DA:26,0
DA:27,0
DA:31,3
DA:45,0
DA:57,0
DA:69,0
DA:78,1
LF:18
LH:6
BRDA:19,0,0,0
BRDA:19,0,1,0
BRDA:25,1,0,0
BRDA:25,1,1,0
BRF:4
BRH:0
end_of_record
TN:
SF:src\utils\auth.js
FN:13,(anonymous_0)
FN:16,(anonymous_1)
FN:20,(anonymous_2)
FN:34,(anonymous_3)
FN:48,(anonymous_4)
FN:60,(anonymous_5)
FN:64,useLocalStorage
FN:65,(anonymous_7)
FN:79,(anonymous_8)
FNF:9
FNH:0
FNDA:0,(anonymous_0)
FNDA:0,(anonymous_1)
FNDA:0,(anonymous_2)
FNDA:0,(anonymous_3)
FNDA:0,(anonymous_4)
FNDA:0,(anonymous_5)
FNDA:0,useLocalStorage
FNDA:0,(anonymous_7)
FNDA:0,(anonymous_8)
DA:11,3
DA:13,3
DA:14,0
DA:16,0
DA:17,0
DA:20,0
DA:21,0
DA:22,0
DA:27,0
DA:29,0
DA:30,0
DA:34,0
DA:35,0
DA:36,0
DA:41,0
DA:43,0
DA:44,0
DA:48,0
DA:49,0
DA:50,0
DA:53,0
DA:60,3
DA:61,0
DA:65,0
DA:66,0
DA:67,0
DA:70,0
DA:71,0
DA:72,0
DA:74,0
DA:75,0
DA:79,0
DA:80,0
DA:82,0
DA:83,0
DA:84,0
DA:85,0
DA:88,0
DA:92,0
LF:39
LH:3
BRDA:66,0,0,0
BRDA:66,0,1,0
BRDA:72,1,0,0
BRDA:72,1,1,0
BRDA:82,2,0,0
BRDA:82,2,1,0
BRDA:84,3,0,0
BRDA:84,3,1,0
BRF:8
BRH:0
end_of_record
TN:
SF:src\utils\firebase-config.js
FN:23,initFirebase
FNF:1
FNH:1
FNDA:3,initFirebase
DA:8,3
DA:19,3
DA:21,3
DA:24,3
DA:25,3
DA:29,3
DA:30,3
LF:7
LH:7
BRDA:24,0,0,3
BRDA:24,0,1,0
BRF:2
BRH:1
end_of_record
